<?xml version="1.0" encoding="UTF-8"?>
<testsuite xmlns:xsi="http://www.w3.org/2001/XMLSchema-instance" xsi:noNamespaceSchemaLocation="https://maven.apache.org/surefire/maven-surefire-plugin/xsd/surefire-test-report-3.0.xsd" version="3.0" name="runner.TestRunner" time="13.994" tests="5" errors="0" skipped="0" failures="0">
  <properties>
[...]
</properties>
  <testcase name="verifyTotalNumberofChildElements" classname="runner.FunctionalTest" time="4.971"/>
  <testcase name="verifyFirstElementPortIdNavPrice" classname="runner.FunctionalTest" time="2.305"/>
  <testcase name="MakeSureResponseTimeisunderSLA" classname="runner.FunctionalTest" time="1.894"/>
  <testcase name="makeSureStatusCodeIsCorrect" classname="runner.FunctionalTest" time="1.874"/>
  <testcase name="verifyResponseContainsnavPriceArray" classname="runner.FunctionalTest" time="2.271"/>
</testsuite>